<?xml version="1.0" encoding="UTF-8"?>
<testng-results skipped="0" failed="0" total="4" passed="4">
  <reporter-output>
  </reporter-output>
  <suite name="Default suite" duration-ms="56346" started-at="2019-07-01T12:31:13Z" finished-at="2019-07-01T12:32:09Z">
    <groups>
    </groups>
    <test name="Default test" duration-ms="56346" started-at="2019-07-01T12:31:13Z" finished-at="2019-07-01T12:32:09Z">
      <class name="test_Cases.LoginPage_TestCase">
        <test-method status="PASS" signature="TestProcedure(java.lang.String, java.lang.String)[pri:0, instance:test_Cases.LoginPage_TestCase@3cb5cdba]" name="TestProcedure" duration-ms="15159" started-at="2019-07-01T18:01:14Z" description="login with correct credentials" data-provider="guru99LoginDataProvider" finished-at="2019-07-01T18:01:29Z">
          <params>
            <param index="0">
              <value>
                <![CDATA[mngr202739]]>
              </value>
            </param>
            <param index="1">
              <value>
                <![CDATA[mEpEvAv]]>
              </value>
            </param>
          </params>
          <reporter-output>
          </reporter-output>
        </test-method> <!-- TestProcedure -->
        <test-method status="PASS" signature="TestProcedure(java.lang.String, java.lang.String)[pri:0, instance:test_Cases.LoginPage_TestCase@3cb5cdba]" name="TestProcedure" duration-ms="12981" started-at="2019-07-01T18:01:29Z" description="login with correct credentials" data-provider="guru99LoginDataProvider" finished-at="2019-07-01T18:01:42Z">
          <params>
            <param index="0">
              <value>
                <![CDATA[Invalid]]>
              </value>
            </param>
            <param index="1">
              <value>
                <![CDATA[Invalid]]>
              </value>
            </param>
          </params>
          <reporter-output>
          </reporter-output>
        </test-method> <!-- TestProcedure -->
        <test-method status="PASS" signature="TestProcedure(java.lang.String, java.lang.String)[pri:0, instance:test_Cases.LoginPage_TestCase@3cb5cdba]" name="TestProcedure" duration-ms="14383" started-at="2019-07-01T18:01:42Z" description="login with correct credentials" data-provider="guru99LoginDataProvider" finished-at="2019-07-01T18:01:56Z">
          <params>
            <param index="0">
              <value>
                <![CDATA[invalid]]>
              </value>
            </param>
            <param index="1">
              <value>
                <![CDATA[mEpEvAv]]>
              </value>
            </param>
          </params>
          <reporter-output>
          </reporter-output>
        </test-method> <!-- TestProcedure -->
        <test-method status="PASS" signature="TestProcedure(java.lang.String, java.lang.String)[pri:0, instance:test_Cases.LoginPage_TestCase@3cb5cdba]" name="TestProcedure" duration-ms="13069" started-at="2019-07-01T18:01:56Z" description="login with correct credentials" data-provider="guru99LoginDataProvider" finished-at="2019-07-01T18:02:09Z">
          <params>
            <param index="0">
              <value>
                <![CDATA[mngr202739]]>
              </value>
            </param>
            <param index="1">
              <value>
                <![CDATA[invalid]]>
              </value>
            </param>
          </params>
          <reporter-output>
          </reporter-output>
        </test-method> <!-- TestProcedure -->
      </class> <!-- test_Cases.LoginPage_TestCase -->
    </test> <!-- Default test -->
  </suite> <!-- Default suite -->
</testng-results>
